<?xml version="1.0" encoding="UTF-8"?>
<!-- Generated by org.testng.reporters.JUnitReportReporter -->
<testsuite skipped="0" hostname="Vaibhav" name="com.crm.qa.testcases.LoginPageTest" tests="1" failures="0" timestamp="30 Dec 2018 15:29:04 GMT" time="28.116" errors="0">
  <testcase name="LoginTest" time="28.116" classname="com.crm.qa.testcases.LoginPageTest"/>
</testsuite> <!-- com.crm.qa.testcases.LoginPageTest -->
