<?xml version="1.0" encoding="UTF-8"?>
<!-- Generated by org.testng.reporters.JUnitReportReporter -->
<testsuite skipped="0" hostname="Vaibhav" name="com.crm.qa.testcases.ContactPageTest" tests="6" failures="0" timestamp="30 Dec 2018 15:11:59 GMT" time="218.636" errors="0">
  <testcase name="verifyContactsLabel" time="26.077" classname="com.crm.qa.testcases.ContactPageTest"/>
  <testcase name="selectSingleContactsTest" time="30.590" classname="com.crm.qa.testcases.ContactPageTest"/>
  <testcase name="selecMultipletContactsTest" time="35.256" classname="com.crm.qa.testcases.ContactPageTest"/>
  <testcase name="createNewContact" time="36.201" classname="com.crm.qa.testcases.ContactPageTest"/>
  <testcase name="createNewContact" time="42.025" classname="com.crm.qa.testcases.ContactPageTest"/>
  <testcase name="createNewContact" time="48.487" classname="com.crm.qa.testcases.ContactPageTest"/>
</testsuite> <!-- com.crm.qa.testcases.ContactPageTest -->
