<?xml version="1.0" encoding="UTF-8"?>
<!-- Generated by org.testng.reporters.JUnitReportReporter -->
<testsuite skipped="0" hostname="Vaibhav" name="com.crm.qa.testcases.HomePageTest" tests="1" failures="0" timestamp="30 Dec 2018 16:26:14 GMT" time="24.920" errors="0">
  <testcase name="verifyHomePageTitleTest" time="24.920" classname="com.crm.qa.testcases.HomePageTest"/>
</testsuite> <!-- com.crm.qa.testcases.HomePageTest -->
